#
# A fatal error has been detected by the Java Runtime Environment:
#
#  EXCEPTION_ACCESS_VIOLATION (0xc0000005) at pc=0x00007ffb9b86cb52, pid=6608, tid=1064
#
# JRE version: OpenJDK Runtime Environment (11.0.11+9) (build 11.0.11+9-b60-7590822)
# Java VM: OpenJDK 64-Bit Server VM (11.0.11+9-b60-7590822, mixed mode, tiered, compressed oops, g1 gc, windows-amd64)
# Problematic frame:
# C  [RPCRT4.dll+0x2cb52]
#
# No core dump will be written. Minidumps are not enabled by default on client versions of Windows
#
# If you would like to submit a bug report, please visit:
#   https://bugreport.java.com/bugreport/crash.jsp
# The crash happened outside the Java Virtual Machine in native code.
# See problematic frame for where to report the bug.
#

---------------  S U M M A R Y ------------

Command Line: -Dorg.gradle.appname=gradlew org.gradle.wrapper.GradleWrapperMain -q -Ptarget-platform=android-arm64 -Ptarget=C:\Users\SK\FlutterProjects\woo_ecommerce_flutter_app\lib\main.dart -Pbase-application-name=android.app.Application -Pdart-defines=Zmx1dHRlci5pbnNwZWN0b3Iuc3RydWN0dXJlZEVycm9ycz10cnVl,RkxVVFRFUl9XRUJfQVVUT19ERVRFQ1Q9dHJ1ZQ== -Pdart-obfuscation=false -Pextra-front-end-options=--no-sound-null-safety -Ptrack-widget-creation=true -Ptree-shake-icons=false -Pfilesystem-scheme=org-dartlang-root assembleDebug

Host: Intel(R) Core(TM) i5-8250U CPU @ 1.60GHz, 8 cores, 15G,  Windows 10 , 64 bit Build 19041 (10.0.19041.1503)
Time: Sat Feb 26 04:03:48 2022 India Standard Time elapsed time: 2.768156 seconds (0d 0h 0m 2s)

---------------  T H R E A D  ---------------

Current thread (0x000002be8237e000):  JavaThread "main" [_thread_in_native, id=1064, stack(0x000000dcf1700000,0x000000dcf1800000)]

Stack: [0x000000dcf1700000,0x000000dcf1800000],  sp=0x000000dcf17fc660,  free space=1009k
Native frames: (J=compiled Java code, j=interpreted, Vv=VM code, C=native code)
C  [RPCRT4.dll+0x2cb52]
C  [RPCRT4.dll+0xdfd69]
C  [RPCRT4.dll+0xdfb73]
C  [RPCRT4.dll+0xdf8ad]
C  [WINNSI.DLL+0x16a9]

Java frames: (J=compiled Java code, j=interpreted, Vv=VM code)
j  java.net.Inet6AddressImpl.isReachable0([BII[BII)Z+0 java.base@11.0.11
j  java.net.Inet6AddressImpl.isReachable(Ljava/net/InetAddress;ILjava/net/NetworkInterface;I)Z+121 java.base@11.0.11
j  java.net.InetAddress.isReachable(Ljava/net/NetworkInterface;II)Z+35 java.base@11.0.11
j  java.net.InetAddress.isReachable(I)Z+4 java.base@11.0.11
j  org.gradle.internal.remote.internal.inet.InetAddresses.analyzeNetworkInterface(Ljava/net/NetworkInterface;)V+76
j  org.gradle.internal.remote.internal.inet.InetAddresses.analyzeNetworkInterfaces()V+27
j  org.gradle.internal.remote.internal.inet.InetAddresses.<init>()V+38
j  org.gradle.internal.remote.internal.inet.InetAddressFactory.init()V+25
j  org.gradle.internal.remote.internal.inet.InetAddressFactory.getWildcardBindingAddress()Ljava/net/InetAddress;+8
j  org.gradle.cache.internal.locklistener.FileLockCommunicator.<init>(Lorg/gradle/internal/remote/internal/inet/InetAddressFactory;)V+16
j  org.gradle.cache.internal.locklistener.DefaultFileLockContentionHandler.getCommunicator()Lorg/gradle/cache/internal/locklistener/FileLockCommunicator;+29
j  org.gradle.cache.internal.locklistener.DefaultFileLockContentionHandler.reservePort()I+1
j  org.gradle.cache.internal.DefaultFileLockManager.lock(Ljava/io/File;Lorg/gradle/cache/LockOptions;Ljava/lang/String;Ljava/lang/String;Lorg/gradle/api/Action;)Lorg/gradle/cache/FileLock;+78
j  org.gradle.cache.internal.DefaultFileLockManager.lock(Ljava/io/File;Lorg/gradle/cache/LockOptions;Ljava/lang/String;Ljava/lang/String;)Lorg/gradle/cache/FileLock;+7
j  org.gradle.cache.internal.DefaultFileLockManager.lock(Ljava/io/File;Lorg/gradle/cache/LockOptions;Ljava/lang/String;)Lorg/gradle/cache/FileLock;+6
j  org.gradle.cache.internal.OnDemandFileAccess.readFile(Lorg/gradle/internal/Factory;)Ljava/lang/Object;+18
j  org.gradle.cache.internal.SimpleStateCache.get()Ljava/lang/Object;+12
j  org.gradle.cache.internal.FileIntegrityViolationSuppressingPersistentStateCacheDecorator.get()Ljava/lang/Object;+4
j  org.gradle.launcher.daemon.registry.PersistentDaemonRegistry.getAll()Ljava/util/List;+13
j  org.gradle.launcher.daemon.client.DefaultDaemonConnector.connect(Lorg/gradle/api/internal/specs/ExplainingSpec;)Lorg/gradle/launcher/daemon/client/DaemonClientConnection;+5
j  org.gradle.launcher.daemon.client.DaemonClient.execute(Lorg/gradle/internal/invocation/BuildAction;Lorg/gradle/launcher/exec/BuildActionParameters;Lorg/gradle/initialization/BuildRequestContext;)Lorg/gradle/launcher/exec/BuildActionResult;+91
j  org.gradle.launcher.daemon.client.DaemonClient.execute(Lorg/gradle/internal/invocation/BuildAction;Ljava/lang/Object;Ljava/lang/Object;)Lorg/gradle/launcher/exec/BuildActionResult;+10
j  org.gradle.launcher.cli.RunBuildAction.run()V+74
j  org.gradle.internal.Actions$RunnableActionAdapter.execute(Ljava/lang/Object;)V+4
j  org.gradle.launcher.cli.DefaultCommandLineActionFactory$ParseAndBuildAction.execute(Lorg/gradle/launcher/bootstrap/ExecutionListener;)V+124
j  org.gradle.launcher.cli.DefaultCommandLineActionFactory$ParseAndBuildAction.execute(Ljava/lang/Object;)V+5
j  org.gradle.launcher.cli.DebugLoggerWarningAction.execute(Lorg/gradle/launcher/bootstrap/ExecutionListener;)V+9
j  org.gradle.launcher.cli.DebugLoggerWarningAction.execute(Ljava/lang/Object;)V+5
j  org.gradle.launcher.cli.WelcomeMessageAction.execute(Lorg/gradle/launcher/bootstrap/ExecutionListener;)V+211
j  org.gradle.launcher.cli.WelcomeMessageAction.execute(Ljava/lang/Object;)V+5
j  org.gradle.launcher.cli.NativeServicesInitializingAction.execute(Lorg/gradle/launcher/bootstrap/ExecutionListener;)V+35
j  org.gradle.launcher.cli.NativeServicesInitializingAction.execute(Ljava/lang/Object;)V+5
j  org.gradle.launcher.cli.ExceptionReportingAction.execute(Lorg/gradle/launcher/bootstrap/ExecutionListener;)V+5
j  org.gradle.launcher.cli.ExceptionReportingAction.execute(Ljava/lang/Object;)V+5
j  org.gradle.launcher.cli.DefaultCommandLineActionFactory$WithLogging.execute(Lorg/gradle/launcher/bootstrap/ExecutionListener;)V+257
j  org.gradle.launcher.Main.doAction([Ljava/lang/String;Lorg/gradle/launcher/bootstrap/ExecutionListener;)V+14
j  org.gradle.launcher.bootstrap.EntryPoint.run([Ljava/lang/String;)V+12
v  ~StubRoutines::call_stub
j  jdk.internal.reflect.NativeMethodAccessorImpl.invoke0(Ljava/lang/reflect/Method;Ljava/lang/Object;[Ljava/lang/Object;)Ljava/lang/Object;+0 java.base@11.0.11
j  jdk.internal.reflect.NativeMethodAccessorImpl.invoke(Ljava/lang/Object;[Ljava/lang/Object;)Ljava/lang/Object;+100 java.base@11.0.11
j  jdk.internal.reflect.DelegatingMethodAccessorImpl.invoke(Ljava/lang/Object;[Ljava/lang/Object;)Ljava/lang/Object;+6 java.base@11.0.11
j  java.lang.reflect.Method.invoke(Ljava/lang/Object;[Ljava/lang/Object;)Ljava/lang/Object;+59 java.base@11.0.11
j  org.gradle.launcher.bootstrap.ProcessBootstrap.runNoExit(Ljava/lang/String;[Ljava/lang/String;)V+161
j  org.gradle.launcher.bootstrap.ProcessBootstrap.run(Ljava/lang/String;[Ljava/lang/String;)V+3
j  org.gradle.launcher.GradleMain.main([Ljava/lang/String;)V+36
v  ~StubRoutines::call_stub
j  jdk.internal.reflect.NativeMethodAccessorImpl.invoke0(Ljava/lang/reflect/Method;Ljava/lang/Object;[Ljava/lang/Object;)Ljava/lang/Object;+0 java.base@11.0.11
j  jdk.internal.reflect.NativeMethodAccessorImpl.invoke(Ljava/lang/Object;[Ljava/lang/Object;)Ljava/lang/Object;+100 java.base@11.0.11
j  jdk.internal.reflect.DelegatingMethodAccessorImpl.invoke(Ljava/lang/Object;[Ljava/lang/Object;)Ljava/lang/Object;+6 java.base@11.0.11
j  java.lang.reflect.Method.invoke(Ljava/lang/Object;[Ljava/lang/Object;)Ljava/lang/Object;+59 java.base@11.0.11
j  org.gradle.wrapper.BootstrapMainStarter.start([Ljava/lang/String;Ljava/io/File;)V+82
j  org.gradle.wrapper.WrapperExecutor.execute([Ljava/lang/String;Lorg/gradle/wrapper/Install;Lorg/gradle/wrapper/BootstrapMainStarter;)V+14
j  org.gradle.wrapper.GradleWrapperMain.main([Ljava/lang/String;)V+190
v  ~StubRoutines::call_stub

siginfo: EXCEPTION_ACCESS_VIOLATION (0xc0000005), reading address 0x0000000000000007


Register to memory mapping:

RIP=0x00007ffb9b86cb52 RPCRT4.dll
RAX=0x000000dcf12a0000 points into unknown readable memory: 0x0000000000000000 | 00 00 00 00 00 00 00 00
RBX=0x000002bea1e1ada0 points into unknown readable memory: 0xffffffff00000000 | 00 00 00 00 ff ff ff ff
RCX=0x0 is NULL
RDX=0x0000000000000428 is an unknown value
RSP=0x000000dcf17fc660 is pointing into the stack for thread: 0x000002be8237e000
RBP=0x0 is NULL
RSI=0x000002bea2b1c810 points into unknown readable memory: 0x000002bea2b1c7c0 | c0 c7 b1 a2 be 02 00 00
RDI=0x0 is NULL
R8 =0x00007ffb93ea4000 WINNSI.DLL
R9 =0x000002bea2b1c9a8 points into unknown readable memory: 0x000000008a885d04 | 04 5d 88 8a 00 00 00 00
R10=0x00007ffb93ea4200 WINNSI.DLL
R11=0x000002bea2b1cae8 points into unknown readable memory: 0x00007ffb99c65a90 | 90 5a c6 99 fb 7f 00 00
R12=0xffffffffffffffff is an unknown value
R13=0x000002bea2b1c7c0 points into unknown readable memory: 0xffffffffffffffff | ff ff ff ff ff ff ff ff
R14=0x00007ffb93ea4000 WINNSI.DLL
R15=0x0 is NULL


Registers:
RAX=0x000000dcf12a0000, RBX=0x000002bea1e1ada0, RCX=0x0000000000000000, RDX=0x0000000000000428
RSP=0x000000dcf17fc660, RBP=0x0000000000000000, RSI=0x000002bea2b1c810, RDI=0x0000000000000000
R8 =0x00007ffb93ea4000, R9 =0x000002bea2b1c9a8, R10=0x00007ffb93ea4200, R11=0x000002bea2b1cae8
R12=0xffffffffffffffff, R13=0x000002bea2b1c7c0, R14=0x00007ffb93ea4000, R15=0x0000000000000000
RIP=0x00007ffb9b86cb52, EFLAGS=0x0000000000010286

Top of Stack: (sp=0x000000dcf17fc660)
0x000000dcf17fc660:   000002be800e0618 000000dcf17fc674
0x000000dcf17fc670:   0000000300000000 0000000000000000
0x000000dcf17fc680:   0000000000000000 0000000000000000
0x000000dcf17fc690:   0000000000000000 0000000000000000
0x000000dcf17fc6a0:   0000000000000000 0000000000000000
0x000000dcf17fc6b0:   0000000000000000 0000000000000000
0x000000dcf17fc6c0:   0000000000000000 0000000000000000
0x000000dcf17fc6d0:   00007ffb9b86abd0 0000000000000005
0x000000dcf17fc6e0:   000002bea2b1c810 00007ffb9b91fd69
0x000000dcf17fc6f0:   00003a9c1e32483d 00007ffb9b91fe25
0x000000dcf17fc700:   0000000000000000 00007ffb9aa2ee10
0x000000dcf17fc710:   000000dcf17fcd88 0000000000000002
0x000000dcf17fc720:   000002bea2b1c9a8 00007ffb9b91fb73
0x000000dcf17fc730:   000002bea2b1c9a8 000002bea2b1c810
0x000000dcf17fc740:   0000000000000000 00007ffb9b8889ff
0x000000dcf17fc750:   0000000000000000 00007ffb9b84115c 

Instructions: (pc=0x00007ffb9b86cb52)
0x00007ffb9b86ca52:   8b 83 e8 00 00 00 a8 01 0f 85 e6 5a 05 00 48 8b
0x00007ffb9b86ca62:   5c 24 40 48 83 c4 20 5f c3 cc 83 64 24 30 00 48
0x00007ffb9b86ca72:   8d b9 f8 00 00 00 4c 8d 44 24 38 48 8b cf 48 8d
0x00007ffb9b86ca82:   54 24 30 e8 de 3c 03 00 48 85 c0 74 c3 a8 01 75
0x00007ffb9b86ca92:   1d f6 80 bc 00 00 00 01 0f 84 98 5a 05 00 45 33
0x00007ffb9b86caa2:   c0 48 8b d0 48 8b cb e8 02 e3 ff ff eb c8 8b 54
0x00007ffb9b86cab2:   24 38 48 8b cf e8 cc 28 03 00 eb ba cc cc cc cc
0x00007ffb9b86cac2:   cc cc cc cc cc cc cc cc cc cc cc cc cc cc 40 53
0x00007ffb9b86cad2:   41 55 48 83 ec 78 65 48 8b 1c 25 30 00 00 00 4c
0x00007ffb9b86cae2:   8b e9 48 8b 9b 98 16 00 00 48 85 db 0f 84 ce 00
0x00007ffb9b86caf2:   00 00 48 b8 de de de de ab ab ab ab 48 33 d8 65
0x00007ffb9b86cb02:   48 8b 04 25 30 00 00 00 48 8b 50 48 48 39 53 10
0x00007ffb9b86cb12:   0f 85 3c 5a 05 00 48 89 bc 24 a0 00 00 00 4c 89
0x00007ffb9b86cb22:   64 24 70 48 85 db 0f 84 2d 5a 05 00 48 8b 4b 50
0x00007ffb9b86cb32:   33 ff 48 85 c9 0f 85 af 00 00 00 41 81 65 1c ff
0x00007ffb9b86cb42:   7f ff ff 4d 8b 65 00 4d 85 e4 0f 84 17 5a 05 00
0x00007ffb9b86cb52:   41 81 7c 24 08 ef cd ab 89 0f 85 08 5a 05 00 41
0x00007ffb9b86cb62:   f7 44 24 0c 7c 30 33 00 0f 84 f9 59 05 00 85 ff
0x00007ffb9b86cb72:   0f 85 82 00 00 00 41 f7 44 24 0c 10 00 13 00 74
0x00007ffb9b86cb82:   0d f6 05 b6 2a 0e 00 02 0f 85 e3 59 05 00 49 8b
0x00007ffb9b86cb92:   04 24 49 8b d5 49 8b cc 48 8b 40 68 ff 15 b4 1a
0x00007ffb9b86cba2:   0c 00 8b d8 85 c0 75 25 8b c3 48 8b bc 24 a0 00
0x00007ffb9b86cbb2:   00 00 4c 8b 64 24 70 48 83 c4 78 41 5d 5b c3 cc
0x00007ffb9b86cbc2:   e8 89 7f 00 00 48 8b d8 e9 49 ff ff ff f6 05 6a
0x00007ffb9b86cbd2:   2a 0e 00 02 0f 85 82 5a 05 00 e8 9f 27 00 00 85
0x00007ffb9b86cbe2:   c0 74 c5 e8 d6 d9 08 00 eb be e8 bf f5 01 00 48
0x00007ffb9b86cbf2:   89 7b 50 e9 43 ff ff ff 8b c7 eb ae cc cc cc cc
0x00007ffb9b86cc02:   cc cc 48 83 ec 28 8b 41 08 83 f8 05 74 1b 83 f8
0x00007ffb9b86cc12:   01 74 16 85 c0 0f 85 57 5a 05 00 21 41 28 b8 01
0x00007ffb9b86cc22:   00 00 00 48 83 c4 28 c3 cc 83 61 08 00 33 c0 eb
0x00007ffb9b86cc32:   e2 cc cc cc cc cc cc cc cc cc 48 89 5c 24 08 48
0x00007ffb9b86cc42:   89 74 24 10 57 48 83 ec 20 8b 1d 83 15 0e 00 48 


Stack slot to memory mapping:
stack at sp + 0 slots: 0x000002be800e0618 points into unknown readable memory: 0x0000000000000000 | 00 00 00 00 00 00 00 00
stack at sp + 1 slots: 0x000000dcf17fc674 is pointing into the stack for thread: 0x000002be8237e000
stack at sp + 2 slots: 0x0000000300000000 is an unknown value
stack at sp + 3 slots: 0x0 is NULL
stack at sp + 4 slots: 0x0 is NULL
stack at sp + 5 slots: 0x0 is NULL
stack at sp + 6 slots: 0x0 is NULL
stack at sp + 7 slots: 0x0 is NULL


---------------  P R O C E S S  ---------------

Threads class SMR info:
_java_thread_list=0x000002bea29ba590, length=11, elements={
0x000002be8237e000, 0x000002bea1d14800, 0x000002bea1458000, 0x000002bea1468800,
0x000002bea146a800, 0x000002bea146c800, 0x000002bea146d800, 0x000002bea1d1f800,
0x000002bea1d20000, 0x000002bea1ecc000, 0x000002bea2923800
}

Java Threads: ( => current thread )
=>0x000002be8237e000 JavaThread "main" [_thread_in_native, id=1064, stack(0x000000dcf1700000,0x000000dcf1800000)]
  0x000002bea1d14800 JavaThread "Reference Handler" daemon [_thread_blocked, id=4708, stack(0x000000dcf1e00000,0x000000dcf1f00000)]
  0x000002bea1458000 JavaThread "Finalizer" daemon [_thread_blocked, id=16480, stack(0x000000dcf1f00000,0x000000dcf2000000)]
  0x000002bea1468800 JavaThread "Signal Dispatcher" daemon [_thread_blocked, id=5672, stack(0x000000dcf2000000,0x000000dcf2100000)]
  0x000002bea146a800 JavaThread "Attach Listener" daemon [_thread_blocked, id=5408, stack(0x000000dcf2100000,0x000000dcf2200000)]
  0x000002bea146c800 JavaThread "Service Thread" daemon [_thread_blocked, id=7668, stack(0x000000dcf2200000,0x000000dcf2300000)]
  0x000002bea146d800 JavaThread "C2 CompilerThread0" daemon [_thread_blocked, id=1368, stack(0x000000dcf2300000,0x000000dcf2400000)]
  0x000002bea1d1f800 JavaThread "C1 CompilerThread0" daemon [_thread_blocked, id=4936, stack(0x000000dcf2400000,0x000000dcf2500000)]
  0x000002bea1d20000 JavaThread "Sweeper thread" daemon [_thread_blocked, id=6256, stack(0x000000dcf2500000,0x000000dcf2600000)]
  0x000002bea1ecc000 JavaThread "Common-Cleaner" daemon [_thread_blocked, id=14784, stack(0x000000dcf2700000,0x000000dcf2800000)]
  0x000002bea2923800 JavaThread "pool-1-thread-1" [_thread_blocked, id=16764, stack(0x000000dcf2900000,0x000000dcf2a00000)]

Other Threads:
  0x000002bea144e000 VMThread "VM Thread" [stack: 0x000000dcf1d00000,0x000000dcf1e00000] [id=10664]
  0x000002bea1ed1000 WatcherThread [stack: 0x000000dcf2600000,0x000000dcf2700000] [id=10432]
  0x000002be82395800 GCTaskThread "GC Thread#0" [stack: 0x000000dcf1800000,0x000000dcf1900000] [id=952]
  0x000002bea2aa7000 GCTaskThread "GC Thread#1" [stack: 0x000000dcf2a00000,0x000000dcf2b00000] [id=8460]
  0x000002bea2b60000 GCTaskThread "GC Thread#2" [stack: 0x000000dcf2b00000,0x000000dcf2c00000] [id=4976]
  0x000002bea2994000 GCTaskThread "GC Thread#3" [stack: 0x000000dcf2c00000,0x000000dcf2d00000] [id=1644]
  0x000002bea2995000 GCTaskThread "GC Thread#4" [stack: 0x000000dcf2d00000,0x000000dcf2e00000] [id=5784]
  0x000002bea2bfe000 GCTaskThread "GC Thread#5" [stack: 0x000000dcf2e00000,0x000000dcf2f00000] [id=4172]
  0x000002be823f3000 ConcurrentGCThread "G1 Main Marker" [stack: 0x000000dcf1900000,0x000000dcf1a00000] [id=12820]
  0x000002be823f4800 ConcurrentGCThread "G1 Conc#0" [stack: 0x000000dcf1a00000,0x000000dcf1b00000] [id=1300]
  0x000002bea132c800 ConcurrentGCThread "G1 Refine#0" [stack: 0x000000dcf1b00000,0x000000dcf1c00000] [id=1380]
  0x000002bea132d800 ConcurrentGCThread "G1 Young RemSet Sampling" [stack: 0x000000dcf1c00000,0x000000dcf1d00000] [id=9076]

Threads with active compile tasks:

VM state:not at safepoint (normal execution)

VM Mutex/Monitor currently owned by a thread: None

Heap address: 0x0000000701c00000, size: 4068 MB, Compressed Oops mode: Zero based, Oop shift amount: 3
Narrow klass base: 0x0000000800000000, Narrow klass shift: 0
Compressed class space size: 1073741824 Address: 0x0000000800000000

Heap:
 garbage-first heap   total 262144K, used 16885K [0x0000000701c00000, 0x0000000800000000)
  region size 1024K, 12 young (12288K), 3 survivors (3072K)
 Metaspace       used 13688K, capacity 13947K, committed 14080K, reserved 1060864K
  class space    used 1573K, capacity 1693K, committed 1792K, reserved 1048576K
Heap Regions: E=young(eden), S=young(survivor), O=old, HS=humongous(starts), HC=humongous(continues), CS=collection set, F=free, A=archive, TAMS=top-at-mark-start (previous, next)
|   0|0x0000000701c00000, 0x0000000701c00000, 0x0000000701d00000|  0%| F|  |TAMS 0x0000000701c00000, 0x0000000701c00000| Untracked 
|   1|0x0000000701d00000, 0x0000000701d00000, 0x0000000701e00000|  0%| F|  |TAMS 0x0000000701d00000, 0x0000000701d00000| Untracked 
|   2|0x0000000701e00000, 0x0000000701e00000, 0x0000000701f00000|  0%| F|  |TAMS 0x0000000701e00000, 0x0000000701e00000| Untracked 
|   3|0x0000000701f00000, 0x0000000702000000, 0x0000000702000000|100%|HS|  |TAMS 0x0000000701f00000, 0x0000000701f00000| Complete 
|   4|0x0000000702000000, 0x0000000702100000, 0x0000000702100000|100%|HC|  |TAMS 0x0000000702000000, 0x0000000702000000| Complete 
|   5|0x0000000702100000, 0x0000000702200000, 0x0000000702200000|100%|HC|  |TAMS 0x0000000702100000, 0x0000000702100000| Complete 
|   6|0x0000000702200000, 0x0000000702300000, 0x0000000702300000|100%| O|  |TAMS 0x0000000702200000, 0x0000000702200000| Untracked 
|   7|0x0000000702300000, 0x0000000702400000, 0x0000000702400000|100%| O|  |TAMS 0x0000000702300000, 0x0000000702300000| Untracked 
|   8|0x0000000702400000, 0x000000070247d600, 0x0000000702500000| 48%| O|  |TAMS 0x0000000702400000, 0x0000000702400000| Untracked 
|   9|0x0000000702500000, 0x0000000702500000, 0x0000000702600000|  0%| F|  |TAMS 0x0000000702500000, 0x0000000702500000| Untracked 
|  10|0x0000000702600000, 0x0000000702600000, 0x0000000702700000|  0%| F|  |TAMS 0x0000000702600000, 0x0000000702600000| Untracked 
|  11|0x0000000702700000, 0x0000000702700000, 0x0000000702800000|  0%| F|  |TAMS 0x0000000702700000, 0x0000000702700000| Untracked 
|  12|0x0000000702800000, 0x0000000702800000, 0x0000000702900000|  0%| F|  |TAMS 0x0000000702800000, 0x0000000702800000| Untracked 
|  13|0x0000000702900000, 0x0000000702900000, 0x0000000702a00000|  0%| F|  |TAMS 0x0000000702900000, 0x0000000702900000| Untracked 
|  14|0x0000000702a00000, 0x0000000702a00000, 0x0000000702b00000|  0%| F|  |TAMS 0x0000000702a00000, 0x0000000702a00000| Untracked 
|  15|0x0000000702b00000, 0x0000000702b00000, 0x0000000702c00000|  0%| F|  |TAMS 0x0000000702b00000, 0x0000000702b00000| Untracked 
|  16|0x0000000702c00000, 0x0000000702c00000, 0x0000000702d00000|  0%| F|  |TAMS 0x0000000702c00000, 0x0000000702c00000| Untracked 
|  17|0x0000000702d00000, 0x0000000702d00000, 0x0000000702e00000|  0%| F|  |TAMS 0x0000000702d00000, 0x0000000702d00000| Untracked 
|  18|0x0000000702e00000, 0x0000000702e00000, 0x0000000702f00000|  0%| F|  |TAMS 0x0000000702e00000, 0x0000000702e00000| Untracked 
|  19|0x0000000702f00000, 0x0000000702f00000, 0x0000000703000000|  0%| F|  |TAMS 0x0000000702f00000, 0x0000000702f00000| Untracked 
|  20|0x0000000703000000, 0x0000000703000000, 0x0000000703100000|  0%| F|  |TAMS 0x0000000703000000, 0x0000000703000000| Untracked 
|  21|0x0000000703100000, 0x0000000703100000, 0x0000000703200000|  0%| F|  |TAMS 0x0000000703100000, 0x0000000703100000| Untracked 
|  22|0x0000000703200000, 0x0000000703200000, 0x0000000703300000|  0%| F|  |TAMS 0x0000000703200000, 0x0000000703200000| Untracked 
|  23|0x0000000703300000, 0x0000000703300000, 0x0000000703400000|  0%| F|  |TAMS 0x0000000703300000, 0x0000000703300000| Untracked 
|  24|0x0000000703400000, 0x0000000703400000, 0x0000000703500000|  0%| F|  |TAMS 0x0000000703400000, 0x0000000703400000| Untracked 
|  25|0x0000000703500000, 0x0000000703500000, 0x0000000703600000|  0%| F|  |TAMS 0x0000000703500000, 0x0000000703500000| Untracked 
|  26|0x0000000703600000, 0x0000000703600000, 0x0000000703700000|  0%| F|  |TAMS 0x0000000703600000, 0x0000000703600000| Untracked 
|  27|0x0000000703700000, 0x0000000703700000, 0x0000000703800000|  0%| F|  |TAMS 0x0000000703700000, 0x0000000703700000| Untracked 
|  28|0x0000000703800000, 0x0000000703800000, 0x0000000703900000|  0%| F|  |TAMS 0x0000000703800000, 0x0000000703800000| Untracked 
|  29|0x0000000703900000, 0x0000000703900000, 0x0000000703a00000|  0%| F|  |TAMS 0x0000000703900000, 0x0000000703900000| Untracked 
|  30|0x0000000703a00000, 0x0000000703a00000, 0x0000000703b00000|  0%| F|  |TAMS 0x0000000703a00000, 0x0000000703a00000| Untracked 
|  31|0x0000000703b00000, 0x0000000703b00000, 0x0000000703c00000|  0%| F|  |TAMS 0x0000000703b00000, 0x0000000703b00000| Untracked 
|  32|0x0000000703c00000, 0x0000000703c00000, 0x0000000703d00000|  0%| F|  |TAMS 0x0000000703c00000, 0x0000000703c00000| Untracked 
|  33|0x0000000703d00000, 0x0000000703d00000, 0x0000000703e00000|  0%| F|  |TAMS 0x0000000703d00000, 0x0000000703d00000| Untracked 
|  34|0x0000000703e00000, 0x0000000703e00000, 0x0000000703f00000|  0%| F|  |TAMS 0x0000000703e00000, 0x0000000703e00000| Untracked 
|  35|0x0000000703f00000, 0x0000000703f00000, 0x0000000704000000|  0%| F|  |TAMS 0x0000000703f00000, 0x0000000703f00000| Untracked 
|  36|0x0000000704000000, 0x0000000704000000, 0x0000000704100000|  0%| F|  |TAMS 0x0000000704000000, 0x0000000704000000| Untracked 
|  37|0x0000000704100000, 0x0000000704100000, 0x0000000704200000|  0%| F|  |TAMS 0x0000000704100000, 0x0000000704100000| Untracked 
|  38|0x0000000704200000, 0x0000000704200000, 0x0000000704300000|  0%| F|  |TAMS 0x0000000704200000, 0x0000000704200000| Untracked 
|  39|0x0000000704300000, 0x0000000704300000, 0x0000000704400000|  0%| F|  |TAMS 0x0000000704300000, 0x0000000704300000| Untracked 
|  40|0x0000000704400000, 0x0000000704400000, 0x0000000704500000|  0%| F|  |TAMS 0x0000000704400000, 0x0000000704400000| Untracked 
|  41|0x0000000704500000, 0x0000000704500000, 0x0000000704600000|  0%| F|  |TAMS 0x0000000704500000, 0x0000000704500000| Untracked 
|  42|0x0000000704600000, 0x0000000704600000, 0x0000000704700000|  0%| F|  |TAMS 0x0000000704600000, 0x0000000704600000| Untracked 
|  43|0x0000000704700000, 0x0000000704700000, 0x0000000704800000|  0%| F|  |TAMS 0x0000000704700000, 0x0000000704700000| Untracked 
|  44|0x0000000704800000, 0x0000000704800000, 0x0000000704900000|  0%| F|  |TAMS 0x0000000704800000, 0x0000000704800000| Untracked 
|  45|0x0000000704900000, 0x0000000704900000, 0x0000000704a00000|  0%| F|  |TAMS 0x0000000704900000, 0x0000000704900000| Untracked 
|  46|0x0000000704a00000, 0x0000000704a00000, 0x0000000704b00000|  0%| F|  |TAMS 0x0000000704a00000, 0x0000000704a00000| Untracked 
|  47|0x0000000704b00000, 0x0000000704b00000, 0x0000000704c00000|  0%| F|  |TAMS 0x0000000704b00000, 0x0000000704b00000| Untracked 
|  48|0x0000000704c00000, 0x0000000704c00000, 0x0000000704d00000|  0%| F|  |TAMS 0x0000000704c00000, 0x0000000704c00000| Untracked 
|  49|0x0000000704d00000, 0x0000000704d00000, 0x0000000704e00000|  0%| F|  |TAMS 0x0000000704d00000, 0x0000000704d00000| Untracked 
|  50|0x0000000704e00000, 0x0000000704e00000, 0x0000000704f00000|  0%| F|  |TAMS 0x0000000704e00000, 0x0000000704e00000| Untracked 
|  51|0x0000000704f00000, 0x0000000704f00000, 0x0000000705000000|  0%| F|  |TAMS 0x0000000704f00000, 0x0000000704f00000| Untracked 
|  52|0x0000000705000000, 0x0000000705000000, 0x0000000705100000|  0%| F|  |TAMS 0x0000000705000000, 0x0000000705000000| Untracked 
|  53|0x0000000705100000, 0x0000000705100000, 0x0000000705200000|  0%| F|  |TAMS 0x0000000705100000, 0x0000000705100000| Untracked 
|  54|0x0000000705200000, 0x0000000705200000, 0x0000000705300000|  0%| F|  |TAMS 0x0000000705200000, 0x0000000705200000| Untracked 
|  55|0x0000000705300000, 0x0000000705300000, 0x0000000705400000|  0%| F|  |TAMS 0x0000000705300000, 0x0000000705300000| Untracked 
|  56|0x0000000705400000, 0x0000000705400000, 0x0000000705500000|  0%| F|  |TAMS 0x0000000705400000, 0x0000000705400000| Untracked 
|  57|0x0000000705500000, 0x0000000705500000, 0x0000000705600000|  0%| F|  |TAMS 0x0000000705500000, 0x0000000705500000| Untracked 
|  58|0x0000000705600000, 0x0000000705600000, 0x0000000705700000|  0%| F|  |TAMS 0x0000000705600000, 0x0000000705600000| Untracked 
|  59|0x0000000705700000, 0x0000000705700000, 0x0000000705800000|  0%| F|  |TAMS 0x0000000705700000, 0x0000000705700000| Untracked 
|  60|0x0000000705800000, 0x0000000705800000, 0x0000000705900000|  0%| F|  |TAMS 0x0000000705800000, 0x0000000705800000| Untracked 
|  61|0x0000000705900000, 0x0000000705900000, 0x0000000705a00000|  0%| F|  |TAMS 0x0000000705900000, 0x0000000705900000| Untracked 
|  62|0x0000000705a00000, 0x0000000705a00000, 0x0000000705b00000|  0%| F|  |TAMS 0x0000000705a00000, 0x0000000705a00000| Untracked 
|  63|0x0000000705b00000, 0x0000000705b00000, 0x0000000705c00000|  0%| F|  |TAMS 0x0000000705b00000, 0x0000000705b00000| Untracked 
|  64|0x0000000705c00000, 0x0000000705c00000, 0x0000000705d00000|  0%| F|  |TAMS 0x0000000705c00000, 0x0000000705c00000| Untracked 
|  65|0x0000000705d00000, 0x0000000705d00000, 0x0000000705e00000|  0%| F|  |TAMS 0x0000000705d00000, 0x0000000705d00000| Untracked 
|  66|0x0000000705e00000, 0x0000000705e00000, 0x0000000705f00000|  0%| F|  |TAMS 0x0000000705e00000, 0x0000000705e00000| Untracked 
|  67|0x0000000705f00000, 0x0000000705f00000, 0x0000000706000000|  0%| F|  |TAMS 0x0000000705f00000, 0x0000000705f00000| Untracked 
|  68|0x0000000706000000, 0x0000000706000000, 0x0000000706100000|  0%| F|  |TAMS 0x0000000706000000, 0x0000000706000000| Untracked 
|  69|0x0000000706100000, 0x0000000706100000, 0x0000000706200000|  0%| F|  |TAMS 0x0000000706100000, 0x0000000706100000| Untracked 
|  70|0x0000000706200000, 0x0000000706200000, 0x0000000706300000|  0%| F|  |TAMS 0x0000000706200000, 0x0000000706200000| Untracked 
|  71|0x0000000706300000, 0x0000000706300000, 0x0000000706400000|  0%| F|  |TAMS 0x0000000706300000, 0x0000000706300000| Untracked 
|  72|0x0000000706400000, 0x0000000706400000, 0x0000000706500000|  0%| F|  |TAMS 0x0000000706400000, 0x0000000706400000| Untracked 
|  73|0x0000000706500000, 0x0000000706500000, 0x0000000706600000|  0%| F|  |TAMS 0x0000000706500000, 0x0000000706500000| Untracked 
|  74|0x0000000706600000, 0x0000000706600000, 0x0000000706700000|  0%| F|  |TAMS 0x0000000706600000, 0x0000000706600000| Untracked 
|  75|0x0000000706700000, 0x0000000706700000, 0x0000000706800000|  0%| F|  |TAMS 0x0000000706700000, 0x0000000706700000| Untracked 
|  76|0x0000000706800000, 0x0000000706800000, 0x0000000706900000|  0%| F|  |TAMS 0x0000000706800000, 0x0000000706800000| Untracked 
|  77|0x0000000706900000, 0x0000000706900000, 0x0000000706a00000|  0%| F|  |TAMS 0x0000000706900000, 0x0000000706900000| Untracked 
|  78|0x0000000706a00000, 0x0000000706a00000, 0x0000000706b00000|  0%| F|  |TAMS 0x0000000706a00000, 0x0000000706a00000| Untracked 
|  79|0x0000000706b00000, 0x0000000706b00000, 0x0000000706c00000|  0%| F|  |TAMS 0x0000000706b00000, 0x0000000706b00000| Untracked 
|  80|0x0000000706c00000, 0x0000000706c00000, 0x0000000706d00000|  0%| F|  |TAMS 0x0000000706c00000, 0x0000000706c00000| Untracked 
|  81|0x0000000706d00000, 0x0000000706d00000, 0x0000000706e00000|  0%| F|  |TAMS 0x0000000706d00000, 0x0000000706d00000| Untracked 
|  82|0x0000000706e00000, 0x0000000706e00000, 0x0000000706f00000|  0%| F|  |TAMS 0x0000000706e00000, 0x0000000706e00000| Untracked 
|  83|0x0000000706f00000, 0x0000000706f00000, 0x0000000707000000|  0%| F|  |TAMS 0x0000000706f00000, 0x0000000706f00000| Untracked 
|  84|0x0000000707000000, 0x0000000707000000, 0x0000000707100000|  0%| F|  |TAMS 0x0000000707000000, 0x0000000707000000| Untracked 
|  85|0x0000000707100000, 0x0000000707100000, 0x0000000707200000|  0%| F|  |TAMS 0x0000000707100000, 0x0000000707100000| Untracked 
|  86|0x0000000707200000, 0x0000000707200000, 0x0000000707300000|  0%| F|  |TAMS 0x0000000707200000, 0x0000000707200000| Untracked 
|  87|0x0000000707300000, 0x0000000707300000, 0x0000000707400000|  0%| F|  |TAMS 0x0000000707300000, 0x0000000707300000| Untracked 
|  88|0x0000000707400000, 0x0000000707400000, 0x0000000707500000|  0%| F|  |TAMS 0x0000000707400000, 0x0000000707400000| Untracked 
|  89|0x0000000707500000, 0x0000000707500000, 0x0000000707600000|  0%| F|  |TAMS 0x0000000707500000, 0x0000000707500000| Untracked 
|  90|0x0000000707600000, 0x0000000707600000, 0x0000000707700000|  0%| F|  |TAMS 0x0000000707600000, 0x0000000707600000| Untracked 
|  91|0x0000000707700000, 0x0000000707700000, 0x0000000707800000|  0%| F|  |TAMS 0x0000000707700000, 0x0000000707700000| Untracked 
|  92|0x0000000707800000, 0x0000000707800000, 0x0000000707900000|  0%| F|  |TAMS 0x0000000707800000, 0x0000000707800000| Untracked 
|  93|0x0000000707900000, 0x0000000707900000, 0x0000000707a00000|  0%| F|  |TAMS 0x0000000707900000, 0x0000000707900000| Untracked 
|  94|0x0000000707a00000, 0x0000000707a00000, 0x0000000707b00000|  0%| F|  |TAMS 0x0000000707a00000, 0x0000000707a00000| Untracked 
|  95|0x0000000707b00000, 0x0000000707b00000, 0x0000000707c00000|  0%| F|  |TAMS 0x0000000707b00000, 0x0000000707b00000| Untracked 
|  96|0x0000000707c00000, 0x0000000707c00000, 0x0000000707d00000|  0%| F|  |TAMS 0x0000000707c00000, 0x0000000707c00000| Untracked 
|  97|0x0000000707d00000, 0x0000000707d00000, 0x0000000707e00000|  0%| F|  |TAMS 0x0000000707d00000, 0x0000000707d00000| Untracked 
|  98|0x0000000707e00000, 0x0000000707e00000, 0x0000000707f00000|  0%| F|  |TAMS 0x0000000707e00000, 0x0000000707e00000| Untracked 
|  99|0x0000000707f00000, 0x0000000707f00000, 0x0000000708000000|  0%| F|  |TAMS 0x0000000707f00000, 0x0000000707f00000| Untracked 
| 100|0x0000000708000000, 0x0000000708000000, 0x0000000708100000|  0%| F|  |TAMS 0x0000000708000000, 0x0000000708000000| Untracked 
| 101|0x0000000708100000, 0x0000000708100000, 0x0000000708200000|  0%| F|  |TAMS 0x0000000708100000, 0x0000000708100000| Untracked 
| 102|0x0000000708200000, 0x0000000708200000, 0x0000000708300000|  0%| F|  |TAMS 0x0000000708200000, 0x0000000708200000| Untracked 
| 103|0x0000000708300000, 0x0000000708300000, 0x0000000708400000|  0%| F|  |TAMS 0x0000000708300000, 0x0000000708300000| Untracked 
| 104|0x0000000708400000, 0x0000000708400000, 0x0000000708500000|  0%| F|  |TAMS 0x0000000708400000, 0x0000000708400000| Untracked 
| 105|0x0000000708500000, 0x0000000708500000, 0x0000000708600000|  0%| F|  |TAMS 0x0000000708500000, 0x0000000708500000| Untracked 
| 106|0x0000000708600000, 0x0000000708600000, 0x0000000708700000|  0%| F|  |TAMS 0x0000000708600000, 0x0000000708600000| Untracked 
| 107|0x0000000708700000, 0x0000000708700000, 0x0000000708800000|  0%| F|  |TAMS 0x0000000708700000, 0x0000000708700000| Untracked 
| 108|0x0000000708800000, 0x0000000708800000, 0x0000000708900000|  0%| F|  |TAMS 0x0000000708800000, 0x0000000708800000| Untracked 
| 109|0x0000000708900000, 0x0000000708900000, 0x0000000708a00000|  0%| F|  |TAMS 0x0000000708900000, 0x0000000708900000| Untracked 
| 110|0x0000000708a00000, 0x0000000708a00000, 0x0000000708b00000|  0%| F|  |TAMS 0x0000000708a00000, 0x0000000708a00000| Untracked 
| 111|0x0000000708b00000, 0x0000000708b00000, 0x0000000708c00000|  0%| F|  |TAMS 0x0000000708b00000, 0x0000000708b00000| Untracked 
| 112|0x0000000708c00000, 0x0000000708c00000, 0x0000000708d00000|  0%| F|  |TAMS 0x0000000708c00000, 0x0000000708c00000| Untracked 
| 113|0x0000000708d00000, 0x0000000708d00000, 0x0000000708e00000|  0%| F|  |TAMS 0x0000000708d00000, 0x0000000708d00000| Untracked 
| 114|0x0000000708e00000, 0x0000000708e00000, 0x0000000708f00000|  0%| F|  |TAMS 0x0000000708e00000, 0x0000000708e00000| Untracked 
| 115|0x0000000708f00000, 0x0000000708f00000, 0x0000000709000000|  0%| F|  |TAMS 0x0000000708f00000, 0x0000000708f00000| Untracked 
| 116|0x0000000709000000, 0x0000000709000000, 0x0000000709100000|  0%| F|  |TAMS 0x0000000709000000, 0x0000000709000000| Untracked 
| 117|0x0000000709100000, 0x0000000709100000, 0x0000000709200000|  0%| F|  |TAMS 0x0000000709100000, 0x0000000709100000| Untracked 
| 118|0x0000000709200000, 0x0000000709200000, 0x0000000709300000|  0%| F|  |TAMS 0x0000000709200000, 0x0000000709200000| Untracked 
| 119|0x0000000709300000, 0x0000000709300000, 0x0000000709400000|  0%| F|  |TAMS 0x0000000709300000, 0x0000000709300000| Untracked 
| 120|0x0000000709400000, 0x0000000709400000, 0x0000000709500000|  0%| F|  |TAMS 0x0000000709400000, 0x0000000709400000| Untracked 
| 121|0x0000000709500000, 0x0000000709500000, 0x0000000709600000|  0%| F|  |TAMS 0x0000000709500000, 0x0000000709500000| Untracked 
| 122|0x0000000709600000, 0x0000000709600000, 0x0000000709700000|  0%| F|  |TAMS 0x0000000709600000, 0x0000000709600000| Untracked 
| 123|0x0000000709700000, 0x0000000709700000, 0x0000000709800000|  0%| F|  |TAMS 0x0000000709700000, 0x0000000709700000| Untracked 
| 124|0x0000000709800000, 0x0000000709800000, 0x0000000709900000|  0%| F|  |TAMS 0x0000000709800000, 0x0000000709800000| Untracked 
| 125|0x0000000709900000, 0x0000000709900000, 0x0000000709a00000|  0%| F|  |TAMS 0x0000000709900000, 0x0000000709900000| Untracked 
| 126|0x0000000709a00000, 0x0000000709a00000, 0x0000000709b00000|  0%| F|  |TAMS 0x0000000709a00000, 0x0000000709a00000| Untracked 
| 127|0x0000000709b00000, 0x0000000709b00000, 0x0000000709c00000|  0%| F|  |TAMS 0x0000000709b00000, 0x0000000709b00000| Untracked 
| 128|0x0000000709c00000, 0x0000000709c00000, 0x0000000709d00000|  0%| F|  |TAMS 0x0000000709c00000, 0x0000000709c00000| Untracked 
| 129|0x0000000709d00000, 0x0000000709d00000, 0x0000000709e00000|  0%| F|  |TAMS 0x0000000709d00000, 0x0000000709d00000| Untracked 
| 130|0x0000000709e00000, 0x0000000709e00000, 0x0000000709f00000|  0%| F|  |TAMS 0x0000000709e00000, 0x0000000709e00000| Untracked 
| 131|0x0000000709f00000, 0x0000000709f00000, 0x000000070a000000|  0%| F|  |TAMS 0x0000000709f00000, 0x0000000709f00000| Untracked 
| 132|0x000000070a000000, 0x000000070a000000, 0x000000070a100000|  0%| F|  |TAMS 0x000000070a000000, 0x000000070a000000| Untracked 
| 133|0x000000070a100000, 0x000000070a100000, 0x000000070a200000|  0%| F|  |TAMS 0x000000070a100000, 0x000000070a100000| Untracked 
| 134|0x000000070a200000, 0x000000070a200000, 0x000000070a300000|  0%| F|  |TAMS 0x000000070a200000, 0x000000070a200000| Untracked 
| 135|0x000000070a300000, 0x000000070a300000, 0x000000070a400000|  0%| F|  |TAMS 0x000000070a300000, 0x000000070a300000| Untracked 
| 136|0x000000070a400000, 0x000000070a400000, 0x000000070a500000|  0%| F|  |TAMS 0x000000070a400000, 0x000000070a400000| Untracked 
| 137|0x000000070a500000, 0x000000070a500000, 0x000000070a600000|  0%| F|  |TAMS 0x000000070a500000, 0x000000070a500000| Untracked 
| 138|0x000000070a600000, 0x000000070a600000, 0x000000070a700000|  0%| F|  |TAMS 0x000000070a600000, 0x000000070a600000| Untracked 
| 139|0x000000070a700000, 0x000000070a700000, 0x000000070a800000|  0%| F|  |TAMS 0x000000070a700000, 0x000000070a700000| Untracked 
| 140|0x000000070a800000, 0x000000070a800000, 0x000000070a900000|  0%| F|  |TAMS 0x000000070a800000, 0x000000070a800000| Untracked 
| 141|0x000000070a900000, 0x000000070a900000, 0x000000070aa00000|  0%| F|  |TAMS 0x000000070a900000, 0x000000070a900000| Untracked 
| 142|0x000000070aa00000, 0x000000070aa00000, 0x000000070ab00000|  0%| F|  |TAMS 0x000000070aa00000, 0x000000070aa00000| Untracked 
| 143|0x000000070ab00000, 0x000000070ab00000, 0x000000070ac00000|  0%| F|  |TAMS 0x000000070ab00000, 0x000000070ab00000| Untracked 
| 144|0x000000070ac00000, 0x000000070ac00000, 0x000000070ad00000|  0%| F|  |TAMS 0x000000070ac00000, 0x000000070ac00000| Untracked 
| 145|0x000000070ad00000, 0x000000070ad00000, 0x000000070ae00000|  0%| F|  |TAMS 0x000000070ad00000, 0x000000070ad00000| Untracked 
| 146|0x000000070ae00000, 0x000000070ae00000, 0x000000070af00000|  0%| F|  |TAMS 0x000000070ae00000, 0x000000070ae00000| Untracked 
| 147|0x000000070af00000, 0x000000070af00000, 0x000000070b000000|  0%| F|  |TAMS 0x000000070af00000, 0x000000070af00000| Untracked 
| 148|0x000000070b000000, 0x000000070b000000, 0x000000070b100000|  0%| F|  |TAMS 0x000000070b000000, 0x000000070b000000| Untracked 
| 149|0x000000070b100000, 0x000000070b100000, 0x000000070b200000|  0%| F|  |TAMS 0x000000070b100000, 0x000000070b100000| Untracked 
| 150|0x000000070b200000, 0x000000070b200000, 0x000000070b300000|  0%| F|  |TAMS 0x000000070b200000, 0x000000070b200000| Untracked 
| 151|0x000000070b300000, 0x000000070b300000, 0x000000070b400000|  0%| F|  |TAMS 0x000000070b300000, 0x000000070b300000| Untracked 
| 152|0x000000070b400000, 0x000000070b400000, 0x000000070b500000|  0%| F|  |TAMS 0x000000070b400000, 0x000000070b400000| Untracked 
| 153|0x000000070b500000, 0x000000070b500000, 0x000000070b600000|  0%| F|  |TAMS 0x000000070b500000, 0x000000070b500000| Untracked 
| 154|0x000000070b600000, 0x000000070b600000, 0x000000070b700000|  0%| F|  |TAMS 0x000000070b600000, 0x000000070b600000| Untracked 
| 155|0x000000070b700000, 0x000000070b700000, 0x000000070b800000|  0%| F|  |TAMS 0x000000070b700000, 0x000000070b700000| Untracked 
| 156|0x000000070b800000, 0x000000070b800000, 0x000000070b900000|  0%| F|  |TAMS 0x000000070b800000, 0x000000070b800000| Untracked 
| 157|0x000000070b900000, 0x000000070b900000, 0x000000070ba00000|  0%| F|  |TAMS 0x000000070b900000, 0x000000070b900000| Untracked 
| 158|0x000000070ba00000, 0x000000070ba00000, 0x000000070bb00000|  0%| F|  |TAMS 0x000000070ba00000, 0x000000070ba00000| Untracked 
| 159|0x000000070bb00000, 0x000000070bb00000, 0x000000070bc00000|  0%| F|  |TAMS 0x000000070bb00000, 0x000000070bb00000| Untracked 
| 160|0x000000070bc00000, 0x000000070bc00000, 0x000000070bd00000|  0%| F|  |TAMS 0x000000070bc00000, 0x000000070bc00000| Untracked 
| 161|0x000000070bd00000, 0x000000070bd00000, 0x000000070be00000|  0%| F|  |TAMS 0x000000070bd00000, 0x000000070bd00000| Untracked 
| 162|0x000000070be00000, 0x000000070be00000, 0x000000070bf00000|  0%| F|  |TAMS 0x000000070be00000, 0x000000070be00000| Untracked 
| 163|0x000000070bf00000, 0x000000070bf00000, 0x000000070c000000|  0%| F|  |TAMS 0x000000070bf00000, 0x000000070bf00000| Untracked 
| 164|0x000000070c000000, 0x000000070c000000, 0x000000070c100000|  0%| F|  |TAMS 0x000000070c000000, 0x000000070c000000| Untracked 
| 165|0x000000070c100000, 0x000000070c100000, 0x000000070c200000|  0%| F|  |TAMS 0x000000070c100000, 0x000000070c100000| Untracked 
| 166|0x000000070c200000, 0x000000070c200000, 0x000000070c300000|  0%| F|  |TAMS 0x000000070c200000, 0x000000070c200000| Untracked 
| 167|0x000000070c300000, 0x000000070c300000, 0x000000070c400000|  0%| F|  |TAMS 0x000000070c300000, 0x000000070c300000| Untracked 
| 168|0x000000070c400000, 0x000000070c400000, 0x000000070c500000|  0%| F|  |TAMS 0x000000070c400000, 0x000000070c400000| Untracked 
| 169|0x000000070c500000, 0x000000070c500000, 0x000000070c600000|  0%| F|  |TAMS 0x000000070c500000, 0x000000070c500000| Untracked 
| 170|0x000000070c600000, 0x000000070c600000, 0x000000070c700000|  0%| F|  |TAMS 0x000000070c600000, 0x000000070c600000| Untracked 
| 171|0x000000070c700000, 0x000000070c700000, 0x000000070c800000|  0%| F|  |TAMS 0x000000070c700000, 0x000000070c700000| Untracked 
| 172|0x000000070c800000, 0x000000070c800000, 0x000000070c900000|  0%| F|  |TAMS 0x000000070c800000, 0x000000070c800000| Untracked 
| 173|0x000000070c900000, 0x000000070c900000, 0x000000070ca00000|  0%| F|  |TAMS 0x000000070c900000, 0x000000070c900000| Untracked 
| 174|0x000000070ca00000, 0x000000070ca00000, 0x000000070cb00000|  0%| F|  |TAMS 0x000000070ca00000, 0x000000070ca00000| Untracked 
| 175|0x000000070cb00000, 0x000000070cb00000, 0x000000070cc00000|  0%| F|  |TAMS 0x000000070cb00000, 0x000000070cb00000| Untracked 
| 176|0x000000070cc00000, 0x000000070cc00000, 0x000000070cd00000|  0%| F|  |TAMS 0x000000070cc00000, 0x000000070cc00000| Untracked 
| 177|0x000000070cd00000, 0x000000070cd00000, 0x000000070ce00000|  0%| F|  |TAMS 0x000000070cd00000, 0x000000070cd00000| Untracked 
| 178|0x000000070ce00000, 0x000000070ce00000, 0x000000070cf00000|  0%| F|  |TAMS 0x000000070ce00000, 0x000000070ce00000| Untracked 
| 179|0x000000070cf00000, 0x000000070cf00000, 0x000000070d000000|  0%| F|  |TAMS 0x000000070cf00000, 0x000000070cf00000| Untracked 
| 180|0x000000070d000000, 0x000000070d000000, 0x000000070d100000|  0%| F|  |TAMS 0x000000070d000000, 0x000000070d000000| Untracked 
| 181|0x000000070d100000, 0x000000070d100000, 0x000000070d200000|  0%| F|  |TAMS 0x000000070d100000, 0x000000070d100000| Untracked 
| 182|0x000000070d200000, 0x000000070d200000, 0x000000070d300000|  0%| F|  |TAMS 0x000000070d200000, 0x000000070d200000| Untracked 
| 183|0x000000070d300000, 0x000000070d300000, 0x000000070d400000|  0%| F|  |TAMS 0x000000070d300000, 0x000000070d300000| Untracked 
| 184|0x000000070d400000, 0x000000070d400000, 0x000000070d500000|  0%| F|  |TAMS 0x000000070d400000, 0x000000070d400000| Untracked 
| 185|0x000000070d500000, 0x000000070d500000, 0x000000070d600000|  0%| F|  |TAMS 0x000000070d500000, 0x000000070d500000| Untracked 
| 186|0x000000070d600000, 0x000000070d600000, 0x000000070d700000|  0%| F|  |TAMS 0x000000070d600000, 0x000000070d600000| Untracked 
| 187|0x000000070d700000, 0x000000070d700000, 0x000000070d800000|  0%| F|  |TAMS 0x000000070d700000, 0x000000070d700000| Untracked 
| 188|0x000000070d800000, 0x000000070d800000, 0x000000070d900000|  0%| F|  |TAMS 0x000000070d800000, 0x000000070d800000| Untracked 
| 189|0x000000070d900000, 0x000000070d900000, 0x000000070da00000|  0%| F|  |TAMS 0x000000070d900000, 0x000000070d900000| Untracked 
| 190|0x000000070da00000, 0x000000070da00000, 0x000000070db00000|  0%| F|  |TAMS 0x000000070da00000, 0x000000070da00000| Untracked 
| 191|0x000000070db00000, 0x000000070db00000, 0x000000070dc00000|  0%| F|  |TAMS 0x000000070db00000, 0x000000070db00000| Untracked 
| 192|0x000000070dc00000, 0x000000070dc00000, 0x000000070dd00000|  0%| F|  |TAMS 0x000000070dc00000, 0x000000070dc00000| Untracked 
| 193|0x000000070dd00000, 0x000000070dd00000, 0x000000070de00000|  0%| F|  |TAMS 0x000000070dd00000, 0x000000070dd00000| Untracked 
| 194|0x000000070de00000, 0x000000070de00000, 0x000000070df00000|  0%| F|  |TAMS 0x000000070de00000, 0x000000070de00000| Untracked 
| 195|0x000000070df00000, 0x000000070df00000, 0x000000070e000000|  0%| F|  |TAMS 0x000000070df00000, 0x000000070df00000| Untracked 
| 196|0x000000070e000000, 0x000000070e000000, 0x000000070e100000|  0%| F|  |TAMS 0x000000070e000000, 0x000000070e000000| Untracked 
| 197|0x000000070e100000, 0x000000070e100000, 0x000000070e200000|  0%| F|  |TAMS 0x000000070e100000, 0x000000070e100000| Untracked 
| 198|0x000000070e200000, 0x000000070e200000, 0x000000070e300000|  0%| F|  |TAMS 0x000000070e200000, 0x000000070e200000| Untracked 
| 199|0x000000070e300000, 0x000000070e300000, 0x000000070e400000|  0%| F|  |TAMS 0x000000070e300000, 0x000000070e300000| Untracked 
| 200|0x000000070e400000, 0x000000070e400000, 0x000000070e500000|  0%| F|  |TAMS 0x000000070e400000, 0x000000070e400000| Untracked 
| 201|0x000000070e500000, 0x000000070e500000, 0x000000070e600000|  0%| F|  |TAMS 0x000000070e500000, 0x000000070e500000| Untracked 
| 202|0x000000070e600000, 0x000000070e600000, 0x000000070e700000|  0%| F|  |TAMS 0x000000070e600000, 0x000000070e600000| Untracked 
| 203|0x000000070e700000, 0x000000070e700000, 0x000000070e800000|  0%| F|  |TAMS 0x000000070e700000, 0x000000070e700000| Untracked 
| 204|0x000000070e800000, 0x000000070e800000, 0x000000070e900000|  0%| F|  |TAMS 0x000000070e800000, 0x000000070e800000| Untracked 
| 205|0x000000070e900000, 0x000000070e900000, 0x000000070ea00000|  0%| F|  |TAMS 0x000000070e900000, 0x000000070e900000| Untracked 
| 206|0x000000070ea00000, 0x000000070ea00000, 0x000000070eb00000|  0%| F|  |TAMS 0x000000070ea00000, 0x000000070ea00000| Untracked 
| 207|0x000000070eb00000, 0x000000070eb00000, 0x000000070ec00000|  0%| F|  |TAMS 0x000000070eb00000, 0x000000070eb00000| Untracked 
| 208|0x000000070ec00000, 0x000000070ec00000, 0x000000070ed00000|  0%| F|  |TAMS 0x000000070ec00000, 0x000000070ec00000| Untracked 
| 209|0x000000070ed00000, 0x000000070ed00000, 0x000000070ee00000|  0%| F|  |TAMS 0x000000070ed00000, 0x000000070ed00000| Untracked 
| 210|0x000000070ee00000, 0x000000070ee00000, 0x000000070ef00000|  0%| F|  |TAMS 0x000000070ee00000, 0x000000070ee00000| Untracked 
| 211|0x000000070ef00000, 0x000000070ef00000, 0x000000070f000000|  0%| F|  |TAMS 0x000000070ef00000, 0x000000070ef00000| Untracked 
| 212|0x000000070f000000, 0x000000070f000000, 0x000000070f100000|  0%| F|  |TAMS 0x000000070f000000, 0x000000070f000000| Untracked 
| 213|0x000000070f100000, 0x000000070f100000, 0x000000070f200000|  0%| F|  |TAMS 0x000000070f100000, 0x000000070f100000| Untracked 
| 214|0x000000070f200000, 0x000000070f200000, 0x000000070f300000|  0%| F|  |TAMS 0x000000070f200000, 0x000000070f200000| Untracked 
| 215|0x000000070f300000, 0x000000070f300000, 0x000000070f400000|  0%| F|  |TAMS 0x000000070f300000, 0x000000070f300000| Untracked 
| 216|0x000000070f400000, 0x000000070f400000, 0x000000070f500000|  0%| F|  |TAMS 0x000000070f400000, 0x000000070f400000| Untracked 
| 217|0x000000070f500000, 0x000000070f500000, 0x000000070f600000|  0%| F|  |TAMS 0x000000070f500000, 0x000000070f500000| Untracked 
| 218|0x000000070f600000, 0x000000070f600000, 0x000000070f700000|  0%| F|  |TAMS 0x000000070f600000, 0x000000070f600000| Untracked 
| 219|0x000000070f700000, 0x000000070f700000, 0x000000070f800000|  0%| F|  |TAMS 0x000000070f700000, 0x000000070f700000| Untracked 
| 220|0x000000070f800000, 0x000000070f800000, 0x000000070f900000|  0%| F|  |TAMS 0x000000070f800000, 0x000000070f800000| Untracked 
| 221|0x000000070f900000, 0x000000070f900000, 0x000000070fa00000|  0%| F|  |TAMS 0x000000070f900000, 0x000000070f900000| Untracked 
| 222|0x000000070fa00000, 0x000000070fa00000, 0x000000070fb00000|  0%| F|  |TAMS 0x000000070fa00000, 0x000000070fa00000| Untracked 
| 223|0x000000070fb00000, 0x000000070fb00000, 0x000000070fc00000|  0%| F|  |TAMS 0x000000070fb00000, 0x000000070fb00000| Untracked 
| 224|0x000000070fc00000, 0x000000070fc00000, 0x000000070fd00000|  0%| F|  |TAMS 0x000000070fc00000, 0x000000070fc00000| Untracked 
| 225|0x000000070fd00000, 0x000000070fd00000, 0x000000070fe00000|  0%| F|  |TAMS 0x000000070fd00000, 0x000000070fd00000| Untracked 
| 226|0x000000070fe00000, 0x000000070fe00000, 0x000000070ff00000|  0%| F|  |TAMS 0x000000070fe00000, 0x000000070fe00000| Untracked 
| 227|0x000000070ff00000, 0x000000070ff00000, 0x0000000710000000|  0%| F|  |TAMS 0x000000070ff00000, 0x000000070ff00000| Untracked 
| 228|0x0000000710000000, 0x0000000710000000, 0x0000000710100000|  0%| F|  |TAMS 0x0000000710000000, 0x0000000710000000| Untracked 
| 229|0x0000000710100000, 0x0000000710200000, 0x0000000710200000|100%| S|CS|TAMS 0x0000000710100000, 0x0000000710100000| Complete 
| 230|0x0000000710200000, 0x0000000710300000, 0x0000000710300000|100%| S|CS|TAMS 0x0000000710200000, 0x0000000710200000| Complete 
| 231|0x0000000710300000, 0x0000000710400000, 0x0000000710400000|100%| S|CS|TAMS 0x0000000710300000, 0x0000000710300000| Complete 
| 232|0x0000000710400000, 0x0000000710400000, 0x0000000710500000|  0%| F|  |TAMS 0x0000000710400000, 0x0000000710400000| Untracked 
| 233|0x0000000710500000, 0x0000000710500000, 0x0000000710600000|  0%| F|  |TAMS 0x0000000710500000, 0x0000000710500000| Untracked 
| 234|0x0000000710600000, 0x0000000710600000, 0x0000000710700000|  0%| F|  |TAMS 0x0000000710600000, 0x0000000710600000| Untracked 
| 235|0x0000000710700000, 0x0000000710700000, 0x0000000710800000|  0%| F|  |TAMS 0x0000000710700000, 0x0000000710700000| Untracked 
| 236|0x0000000710800000, 0x0000000710800000, 0x0000000710900000|  0%| F|  |TAMS 0x0000000710800000, 0x0000000710800000| Untracked 
| 237|0x0000000710900000, 0x0000000710900000, 0x0000000710a00000|  0%| F|  |TAMS 0x0000000710900000, 0x0000000710900000| Untracked 
| 238|0x0000000710a00000, 0x0000000710a00000, 0x0000000710b00000|  0%| F|  |TAMS 0x0000000710a00000, 0x0000000710a00000| Untracked 
| 239|0x0000000710b00000, 0x0000000710b00000, 0x0000000710c00000|  0%| F|  |TAMS 0x0000000710b00000, 0x0000000710b00000| Untracked 
| 240|0x0000000710c00000, 0x0000000710c00000, 0x0000000710d00000|  0%| F|  |TAMS 0x0000000710c00000, 0x0000000710c00000| Untracked 
| 241|0x0000000710d00000, 0x0000000710d00000, 0x0000000710e00000|  0%| F|  |TAMS 0x0000000710d00000, 0x0000000710d00000| Untracked 
| 242|0x0000000710e00000, 0x0000000710e00000, 0x0000000710f00000|  0%| F|  |TAMS 0x0000000710e00000, 0x0000000710e00000| Untracked 
| 243|0x0000000710f00000, 0x0000000710f00000, 0x0000000711000000|  0%| F|  |TAMS 0x0000000710f00000, 0x0000000710f00000| Untracked 
| 244|0x0000000711000000, 0x0000000711000000, 0x0000000711100000|  0%| F|  |TAMS 0x0000000711000000, 0x0000000711000000| Untracked 
| 245|0x0000000711100000, 0x0000000711100000, 0x0000000711200000|  0%| F|  |TAMS 0x0000000711100000, 0x0000000711100000| Untracked 
| 246|0x0000000711200000, 0x0000000711200000, 0x0000000711300000|  0%| F|  |TAMS 0x0000000711200000, 0x0000000711200000| Untracked 
| 247|0x0000000711300000, 0x0000000711400000, 0x0000000711400000|100%| E|  |TAMS 0x0000000711300000, 0x0000000711300000| Complete 
| 248|0x0000000711400000, 0x0000000711500000, 0x0000000711500000|100%| E|CS|TAMS 0x0000000711400000, 0x0000000711400000| Complete 
| 249|0x0000000711500000, 0x0000000711600000, 0x0000000711600000|100%| E|CS|TAMS 0x0000000711500000, 0x0000000711500000| Complete 
| 250|0x0000000711600000, 0x0000000711700000, 0x0000000711700000|100%| E|CS|TAMS 0x0000000711600000, 0x0000000711600000| Complete 
| 251|0x0000000711700000, 0x0000000711800000, 0x0000000711800000|100%| E|CS|TAMS 0x0000000711700000, 0x0000000711700000| Complete 
| 252|0x0000000711800000, 0x0000000711900000, 0x0000000711900000|100%| E|CS|TAMS 0x0000000711800000, 0x0000000711800000| Complete 
| 253|0x0000000711900000, 0x0000000711a00000, 0x0000000711a00000|100%| E|CS|TAMS 0x0000000711900000, 0x0000000711900000| Complete 
| 254|0x0000000711a00000, 0x0000000711b00000, 0x0000000711b00000|100%| E|CS|TAMS 0x0000000711a00000, 0x0000000711a00000| Complete 
| 255|0x0000000711b00000, 0x0000000711c00000, 0x0000000711c00000|100%| E|CS|TAMS 0x0000000711b00000, 0x0000000711b00000| Complete 

Card table byte_map: [0x000002be959b0000,0x000002be961b0000] _byte_map_base: 0x000002be921a2000

Marking Bits (Prev, Next): (CMBitMap*) 0x000002be823e24a8, (CMBitMap*) 0x000002be823e24e0
 Prev Bits: [0x000002be969b0000, 0x000002be9a940000)
 Next Bits: [0x000002be9a940000, 0x000002be9e8d0000)

Polling page: 0x000002be802c0000

Metaspace:

Usage:
  Non-class:     11.97 MB capacity,    11.83 MB ( 99%) used,   120.73 KB ( <1%) free+waste,    18.13 KB ( <1%) overhead. 
      Class:      1.65 MB capacity,     1.54 MB ( 93%) used,   110.30 KB (  7%) free+waste,     9.06 KB ( <1%) overhead. 
       Both:     13.62 MB capacity,    13.37 MB ( 98%) used,   231.04 KB (  2%) free+waste,    27.19 KB ( <1%) overhead. 

Virtual space:
  Non-class space:       12.00 MB reserved,      12.00 MB (100%) committed 
      Class space:        1.00 GB reserved,       1.75 MB ( <1%) committed 
             Both:        1.01 GB reserved,      13.75 MB (  1%) committed 

Chunk freelists:
   Non-Class:  34.00 KB
       Class:  3.00 KB
        Both:  37.00 KB

MaxMetaspaceSize: 17179869184.00 GB
CompressedClassSpaceSize: 1.00 GB

CodeHeap 'non-profiled nmethods': size=120000Kb used=351Kb max_used=351Kb free=119649Kb
 bounds [0x000002be8d950000, 0x000002be8dbc0000, 0x000002be94e80000]
CodeHeap 'profiled nmethods': size=120000Kb used=1903Kb max_used=1903Kb free=118096Kb
 bounds [0x000002be86420000, 0x000002be86690000, 0x000002be8d950000]
CodeHeap 'non-nmethods': size=5760Kb used=1093Kb max_used=1104Kb free=4667Kb
 bounds [0x000002be85e80000, 0x000002be860f0000, 0x000002be86420000]
 total_blobs=1450 nmethods=1053 adapters=309
 compilation: enabled
              stopped_count=0, restarted_count=0
 full_count=0

Compilation events (20 events):
Event: 2.409 Thread 0x000002bea1d1f800 nmethod 1026 0x000002be865f5b90 code [0x000002be865f5d60, 0x000002be865f5f28]
Event: 2.409 Thread 0x000002bea1d1f800 1031       3       java.lang.StringCoding::encode (102 bytes)
Event: 2.410 Thread 0x000002bea1d1f800 nmethod 1031 0x000002be865f6010 code [0x000002be865f6300, 0x000002be865f7338]
Event: 2.410 Thread 0x000002bea1d1f800 1016       3       sun.nio.fs.WindowsPath::getFileName (87 bytes)
Event: 2.411 Thread 0x000002bea1d1f800 nmethod 1016 0x000002be865f7890 code [0x000002be865f7b40, 0x000002be865f8868]
Event: 2.411 Thread 0x000002bea1d1f800 1006       1       sun.nio.fs.WindowsPath::toString (5 bytes)
Event: 2.411 Thread 0x000002bea1d1f800 nmethod 1006 0x000002be8d9a7290 code [0x000002be8d9a7440, 0x000002be8d9a74f8]
Event: 2.411 Thread 0x000002bea1d1f800 1023       3       sun.security.provider.DigestBase::engineUpdate (189 bytes)
Event: 2.413 Thread 0x000002bea1d1f800 nmethod 1023 0x000002be865f8d10 code [0x000002be865f8fa0, 0x000002be865f9ce8]
Event: 2.413 Thread 0x000002bea1d1f800 1025       3       java.security.MessageDigest$Delegate::engineUpdate (11 bytes)
Event: 2.413 Thread 0x000002bea1d1f800 nmethod 1025 0x000002be865fa090 code [0x000002be865fa240, 0x000002be865fa408]
Event: 2.413 Thread 0x000002bea1d1f800 1024       3       java.security.MessageDigest::update (14 bytes)
Event: 2.413 Thread 0x000002bea1d1f800 nmethod 1024 0x000002be865fa510 code [0x000002be865fa6c0, 0x000002be865fa8a8]
Event: 2.413 Thread 0x000002bea1d1f800 1040       3       java.nio.file.Files$AcceptAllFilter::accept (9 bytes)
Event: 2.413 Thread 0x000002bea1d1f800 nmethod 1040 0x000002be865fa990 code [0x000002be865fab40, 0x000002be865fadb8]
Event: 2.413 Thread 0x000002bea1d1f800 1041       3       sun.nio.fs.WindowsDirectoryStream$WindowsDirectoryIterator::next (5 bytes)
Event: 2.414 Thread 0x000002bea1d1f800 nmethod 1041 0x000002be865fae90 code [0x000002be865fb040, 0x000002be865fb168]
Event: 2.414 Thread 0x000002bea1d1f800 1042  s    3       sun.nio.fs.WindowsDirectoryStream$WindowsDirectoryIterator::next (48 bytes)
Event: 2.414 Thread 0x000002bea1d1f800 nmethod 1042 0x000002be865fb210 code [0x000002be865fb400, 0x000002be865fb898]
Event: 2.726 Thread 0x000002bea1d1f800 1051       3       java.lang.invoke.VarForm::getMemberName (21 bytes)

GC Heap History (2 events):
Event: 1.692 GC heap before
{Heap before GC invocations=0 (full 0):
 garbage-first heap   total 262144K, used 29696K [0x0000000701c00000, 0x0000000800000000)
  region size 1024K, 24 young (24576K), 0 survivors (0K)
 Metaspace       used 11465K, capacity 11649K, committed 11904K, reserved 1060864K
  class space    used 1244K, capacity 1308K, committed 1408K, reserved 1048576K
}
Event: 1.699 GC heap after
{Heap after GC invocations=1 (full 0):
 garbage-first heap   total 262144K, used 8693K [0x0000000701c00000, 0x0000000800000000)
  region size 1024K, 3 young (3072K), 3 survivors (3072K)
 Metaspace       used 11465K, capacity 11649K, committed 11904K, reserved 1060864K
  class space    used 1244K, capacity 1308K, committed 1408K, reserved 1048576K
}

Deoptimization events (20 events):
Event: 1.458 Thread 0x000002be8237e000 DEOPT PACKING pc=0x000002be8d96d694 sp=0x000000dcf17fdf90
Event: 1.458 Thread 0x000002be8237e000 DEOPT UNPACKING pc=0x000002be85ea68af sp=0x000000dcf17fdf38 mode 2
Event: 1.459 Thread 0x000002be8237e000 Uncommon trap: trap_request=0xffffffde fr.pc=0x000002be8d96d694 relative=0x00000000000003f4
Event: 1.459 Thread 0x000002be8237e000 Uncommon trap: reason=class_check action=maybe_recompile pc=0x000002be8d96d694 method=java.util.regex.Matcher.match(II)Z @ 121 c2
Event: 1.459 Thread 0x000002be8237e000 DEOPT PACKING pc=0x000002be8d96d694 sp=0x000000dcf17fde10
Event: 1.460 Thread 0x000002be8237e000 DEOPT UNPACKING pc=0x000002be85ea68af sp=0x000000dcf17fddb8 mode 2
Event: 1.460 Thread 0x000002be8237e000 Uncommon trap: trap_request=0xffffffde fr.pc=0x000002be8d96d694 relative=0x00000000000003f4
Event: 1.460 Thread 0x000002be8237e000 Uncommon trap: reason=class_check action=maybe_recompile pc=0x000002be8d96d694 method=java.util.regex.Matcher.match(II)Z @ 121 c2
Event: 1.460 Thread 0x000002be8237e000 DEOPT PACKING pc=0x000002be8d96d694 sp=0x000000dcf17fde10
Event: 1.460 Thread 0x000002be8237e000 DEOPT UNPACKING pc=0x000002be85ea68af sp=0x000000dcf17fddb8 mode 2
Event: 1.944 Thread 0x000002be8237e000 Uncommon trap: trap_request=0xffffff4d fr.pc=0x000002be8d997198 relative=0x00000000000001d8
Event: 1.944 Thread 0x000002be8237e000 Uncommon trap: reason=unstable_if action=reinterpret pc=0x000002be8d997198 method=java.util.HashMap.getNode(ILjava/lang/Object;)Ljava/util/HashMap$Node; @ 129 c2
Event: 1.944 Thread 0x000002be8237e000 DEOPT PACKING pc=0x000002be8d997198 sp=0x000000dcf17fb640
Event: 1.944 Thread 0x000002be8237e000 DEOPT UNPACKING pc=0x000002be85ea68af sp=0x000000dcf17fb540 mode 2
Event: 1.944 Thread 0x000002be8237e000 Uncommon trap: trap_request=0xffffffde fr.pc=0x000002be8d98037c relative=0x0000000000000f5c
Event: 1.944 Thread 0x000002be8237e000 Uncommon trap: reason=class_check action=maybe_recompile pc=0x000002be8d98037c method=java.util.HashMap.putVal(ILjava/lang/Object;Ljava/lang/Object;ZZ)Ljava/lang/Object; @ 203 c2
Event: 1.944 Thread 0x000002be8237e000 DEOPT PACKING pc=0x000002be8d98037c sp=0x000000dcf17fb5b0
Event: 1.944 Thread 0x000002be8237e000 DEOPT UNPACKING pc=0x000002be85ea68af sp=0x000000dcf17fb540 mode 2
Event: 1.946 Thread 0x000002be8237e000 DEOPT PACKING pc=0x000002be864b6f7f sp=0x000000dcf17f9430
Event: 1.946 Thread 0x000002be8237e000 DEOPT UNPACKING pc=0x000002be85ea705e sp=0x000000dcf17f8880 mode 0

Classes redefined (0 events):
No events

Internal exceptions (10 events):
Event: 0.346 Thread 0x000002be8237e000 Exception <a 'java/lang/NoSuchMethodError'{0x0000000711a9ea98}: 'int java.lang.invoke.DirectMethodHandle$Holder.invokeSpecialIFC(java.lang.Object, java.lang.Object, int)'> (0x0000000711a9ea98) thrown at [./src/hotspot/share/interpreter/linkResolver.cpp, line 773]
Event: 0.492 Thread 0x000002be8237e000 Exception <a 'java/lang/NoSuchMethodError'{0x000000071186bed8}: 'int java.lang.invoke.DirectMethodHandle$Holder.invokeStaticInit(java.lang.Object, java.lang.Object)'> (0x000000071186bed8) thrown at [./src/hotspot/share/interpreter/linkResolver.cpp, line 773]
Event: 0.562 Thread 0x000002be8237e000 Exception <a 'java/lang/NoSuchMethodError'{0x0000000711725818}: 'int java.lang.invoke.DirectMethodHandle$Holder.invokeSpecial(java.lang.Object, java.lang.Object, java.lang.Object, java.lang.Object)'> (0x0000000711725818) thrown at [./src/hotspot/share/interpreter/linkResolver.cpp, line 773]
Event: 1.518 Thread 0x000002be8237e000 Exception <a 'java/lang/NoClassDefFoundError'{0x00000007109da790}: org/slf4j/impl/StaticMarkerBinder> (0x00000007109da790) thrown at [./src/hotspot/share/classfile/systemDictionary.cpp, line 220]
Event: 1.535 Thread 0x000002be8237e000 Exception <a 'java/lang/NoSuchMethodError'{0x0000000710872050}: 'java.lang.Object java.lang.invoke.DirectMethodHandle$Holder.invokeVirtual(java.lang.Object, java.lang.Object, java.lang.Object, java.lang.Object, java.lang.Object)'> (0x0000000710872050) thrown at [./src/hotspot/share/interpreter/linkResolver.cpp, line 773]
Event: 1.673 Thread 0x000002be8237e000 Exception <a 'java/lang/NoSuchMethodError'{0x000000071046e4b0}: 'java.lang.Object java.lang.invoke.Invokers$Holder.invoker(java.lang.Object, java.lang.Object, java.lang.Object, java.lang.Object, java.lang.Object)'> (0x000000071046e4b0) thrown at [./src/hotspot/share/interpreter/linkResolver.cpp, line 773]
Event: 1.677 Thread 0x000002be8237e000 Exception <a 'java/lang/NoSuchMethodError'{0x000000071047f470}: 'void java.lang.invoke.DelegatingMethodHandle$Holder.delegate(java.lang.Object, java.lang.Object, int, java.lang.Object)'> (0x000000071047f470) thrown at [./src/hotspot/share/interpreter/linkResolver.cpp, line 773]
Event: 1.848 Thread 0x000002be8237e000 Exception <a 'java/lang/NoSuchMethodError'{0x000000071186cdd8}: 'java.lang.Object java.lang.invoke.DirectMethodHandle$Holder.invokeStaticInit(java.lang.Object, java.lang.Object, java.lang.Object)'> (0x000000071186cdd8) thrown at [./src/hotspot/share/interpreter/linkResolver.cpp, line 773]
Event: 1.979 Thread 0x000002be8237e000 Exception <a 'java/lang/NoSuchMethodError'{0x00000007114ee548}: 'java.lang.Object java.lang.invoke.DirectMethodHandle$Holder.invokeStaticInit(java.lang.Object, int, int, int, int)'> (0x00000007114ee548) thrown at [./src/hotspot/share/interpreter/linkResolver.cpp, line 773]
Event: 2.402 Thread 0x000002be8237e000 Exception <a 'java/lang/NoSuchMethodError'{0x00000007113c47f0}: 'java.lang.Object java.lang.invoke.DirectMethodHandle$Holder.invokeStaticInit(java.lang.Object, java.lang.Object, int, int, int, int)'> (0x00000007113c47f0) thrown at [./src/hotspot/share/interpreter/linkResolver.cpp, line 773]

Events (20 events):
Event: 2.405 loading class sun/security/provider/AbstractDrbg$NonceProvider done
Event: 2.405 loading class sun/security/provider/SHA2$SHA256
Event: 2.405 loading class sun/security/provider/SHA2
Event: 2.405 loading class sun/security/provider/SHA2 done
Event: 2.405 loading class sun/security/provider/SHA2$SHA256 done
Event: 2.407 loading class org/gradle/cache/internal/SimpleStateCache$1
Event: 2.407 loading class org/gradle/cache/internal/SimpleStateCache$1 done
Event: 2.408 loading class org/gradle/cache/FileLockManager$LockMode
Event: 2.408 loading class org/gradle/cache/FileLockManager$LockMode done
Event: 2.408 loading class org/gradle/cache/internal/filelock/LockOptionsBuilder
Event: 2.408 loading class org/gradle/cache/internal/filelock/LockOptionsBuilder done
Event: 2.409 loading class org/gradle/cache/internal/locklistener/FileLockCommunicator
Event: 2.409 loading class org/gradle/cache/internal/locklistener/FileLockCommunicator done
Event: 2.410 loading class org/gradle/cache/internal/locklistener/GracefullyStoppedException
Event: 2.410 loading class org/gradle/cache/internal/locklistener/GracefullyStoppedException done
Event: 2.410 loading class java/net/DatagramSocket
Event: 2.411 loading class java/net/DatagramSocket done
Event: 2.411 loading class org/gradle/internal/remote/internal/inet/InetAddresses
Event: 2.411 loading class org/gradle/internal/remote/internal/inet/InetAddresses done
Event: 2.726 Thread 0x000002bea2329800 Thread exited: 0x000002bea2329800


Dynamic libraries:
0x00007ff64ac10000 - 0x00007ff64ac1a000 	C:\Program Files\Android\Android Studio1\jre\bin\java.exe
0x00007ffb9d150000 - 0x00007ffb9d345000 	C:\Windows\SYSTEM32\ntdll.dll
0x00007ffb9b970000 - 0x00007ffb9ba2e000 	C:\Windows\System32\KERNEL32.DLL
0x00007ffb9a9c0000 - 0x00007ffb9ac88000 	C:\Windows\System32\KERNELBASE.dll
0x00007ffb9b000000 - 0x00007ffb9b100000 	C:\Windows\System32\ucrtbase.dll
0x00007ffb89050000 - 0x00007ffb89067000 	C:\Program Files\Android\Android Studio1\jre\bin\VCRUNTIME140.dll
0x00007ffb7a5c0000 - 0x00007ffb7a5d9000 	C:\Program Files\Android\Android Studio1\jre\bin\jli.dll
0x00007ffb9b620000 - 0x00007ffb9b7c0000 	C:\Windows\System32\USER32.dll
0x00007ffb9af50000 - 0x00007ffb9af72000 	C:\Windows\System32\win32u.dll
0x00007ffb9c9a0000 - 0x00007ffb9c9cb000 	C:\Windows\System32\GDI32.dll
0x00007ffb84840000 - 0x00007ffb84ada000 	C:\Windows\WinSxS\amd64_microsoft.windows.common-controls_6595b64144ccf1df_6.0.19041.1110_none_60b5254171f9507e\COMCTL32.dll
0x00007ffb9ad90000 - 0x00007ffb9ae9d000 	C:\Windows\System32\gdi32full.dll
0x00007ffb9ce50000 - 0x00007ffb9ceee000 	C:\Windows\System32\msvcrt.dll
0x00007ffb9b100000 - 0x00007ffb9b19d000 	C:\Windows\System32\msvcp_win.dll
0x00007ffb9ce20000 - 0x00007ffb9ce50000 	C:\Windows\System32\IMM32.DLL
0x00007ffb647c0000 - 0x00007ffb6485d000 	C:\Program Files\Android\Android Studio1\jre\bin\msvcp140.dll
0x00007ffb200d0000 - 0x00007ffb20ba5000 	C:\Program Files\Android\Android Studio1\jre\bin\server\jvm.dll
0x00007ffb9d000000 - 0x00007ffb9d0ae000 	C:\Windows\System32\ADVAPI32.dll
0x00007ffb9cef0000 - 0x00007ffb9cf8c000 	C:\Windows\System32\sechost.dll
0x00007ffb9b840000 - 0x00007ffb9b965000 	C:\Windows\System32\RPCRT4.dll
0x00007ffb9bf90000 - 0x00007ffb9bf98000 	C:\Windows\System32\PSAPI.DLL
0x00007ffb77fc0000 - 0x00007ffb77fe7000 	C:\Windows\SYSTEM32\WINMM.dll
0x00007ffb956a0000 - 0x00007ffb956a9000 	C:\Windows\SYSTEM32\WSOCK32.dll
0x00007ffb9c850000 - 0x00007ffb9c8bb000 	C:\Windows\System32\WS2_32.dll
0x00007ffb947e0000 - 0x00007ffb947ea000 	C:\Windows\SYSTEM32\VERSION.dll
0x00007ffb98750000 - 0x00007ffb98762000 	C:\Windows\SYSTEM32\kernel.appcore.dll
0x00007ffb7a5a0000 - 0x00007ffb7a5b1000 	C:\Program Files\Android\Android Studio1\jre\bin\verify.dll
0x00007ffb79240000 - 0x00007ffb79424000 	C:\Windows\SYSTEM32\DBGHELP.DLL
0x00007ffb79210000 - 0x00007ffb7923c000 	C:\Windows\SYSTEM32\dbgcore.DLL
0x00007ffb9ac90000 - 0x00007ffb9ad12000 	C:\Windows\System32\bcryptPrimitives.dll
0x00007ffb7a570000 - 0x00007ffb7a599000 	C:\Program Files\Android\Android Studio1\jre\bin\java.dll
0x00007ffb98090000 - 0x00007ffb9809b000 	C:\Program Files\Android\Android Studio1\jre\bin\jimage.dll
0x00007ffb759f0000 - 0x00007ffb75a08000 	C:\Program Files\Android\Android Studio1\jre\bin\zip.dll
0x00007ffb9c050000 - 0x00007ffb9c794000 	C:\Windows\System32\SHELL32.dll
0x00007ffb98950000 - 0x00007ffb990e4000 	C:\Windows\SYSTEM32\windows.storage.dll
0x00007ffb9c9d0000 - 0x00007ffb9cd25000 	C:\Windows\System32\combase.dll
0x00007ffb9a240000 - 0x00007ffb9a26e000 	C:\Windows\SYSTEM32\Wldp.dll
0x00007ffb9c7a0000 - 0x00007ffb9c84d000 	C:\Windows\System32\SHCORE.dll
0x00007ffb9b7e0000 - 0x00007ffb9b835000 	C:\Windows\System32\shlwapi.dll
0x00007ffb9a7a0000 - 0x00007ffb9a7bf000 	C:\Windows\SYSTEM32\profapi.dll
0x00007ffb73f30000 - 0x00007ffb73f4a000 	C:\Program Files\Android\Android Studio1\jre\bin\net.dll
0x00007ffb91e40000 - 0x00007ffb91f4c000 	C:\Windows\SYSTEM32\WINHTTP.dll
0x00007ffb99f40000 - 0x00007ffb99faa000 	C:\Windows\system32\mswsock.dll
0x00007ffb6ca40000 - 0x00007ffb6ca54000 	C:\Program Files\Android\Android Studio1\jre\bin\nio.dll
0x00007ffb6bc90000 - 0x00007ffb6bcb7000 	C:\Users\SK\.gradle\native\fdc75f09e3144964f2cf3f50f0aa648679c211496f362492102eb8c894070792\windows-amd64\native-platform.dll
0x00007ffb36860000 - 0x00007ffb369f6000 	C:\Users\SK\.gradle\native\12488b8bf47d2d4c9fbf2f6322a914ad602e24e48041cd04a747c6da556b65c4\windows-amd64\native-platform-file-events.dll
0x00007ffb93bd0000 - 0x00007ffb93bda000 	C:\Program Files\Android\Android Studio1\jre\bin\management.dll
0x00007ffb93b70000 - 0x00007ffb93b7d000 	C:\Program Files\Android\Android Studio1\jre\bin\management_ext.dll
0x00007ffb9a130000 - 0x00007ffb9a148000 	C:\Windows\SYSTEM32\CRYPTSP.dll
0x00007ffb998c0000 - 0x00007ffb998f4000 	C:\Windows\system32\rsaenh.dll
0x00007ffb9af80000 - 0x00007ffb9afa7000 	C:\Windows\System32\bcrypt.dll
0x00007ffb9a760000 - 0x00007ffb9a78e000 	C:\Windows\SYSTEM32\USERENV.dll
0x00007ffb9a150000 - 0x00007ffb9a15c000 	C:\Windows\SYSTEM32\CRYPTBASE.dll
0x00007ffb99c30000 - 0x00007ffb99c6b000 	C:\Windows\SYSTEM32\IPHLPAPI.DLL
0x00007ffb9cf90000 - 0x00007ffb9cf98000 	C:\Windows\System32\NSI.dll
0x00007ffb93dd0000 - 0x00007ffb93de7000 	C:\Windows\SYSTEM32\dhcpcsvc6.DLL
0x00007ffb93db0000 - 0x00007ffb93dcd000 	C:\Windows\SYSTEM32\dhcpcsvc.DLL
0x00007ffb99c70000 - 0x00007ffb99d3b000 	C:\Windows\SYSTEM32\DNSAPI.dll
0x00007ffb93ea0000 - 0x00007ffb93eab000 	C:\Windows\SYSTEM32\WINNSI.DLL

dbghelp: loaded successfully - version: 4.0.5 - missing functions: none
symbol engine: initialized successfully - sym options: 0x614 - pdb path: .;C:\Program Files\Android\Android Studio1\jre\bin;C:\Windows\SYSTEM32;C:\Windows\WinSxS\amd64_microsoft.windows.common-controls_6595b64144ccf1df_6.0.19041.1110_none_60b5254171f9507e;C:\Program Files\Android\Android Studio1\jre\bin\server;C:\Users\SK\.gradle\native\fdc75f09e3144964f2cf3f50f0aa648679c211496f362492102eb8c894070792\windows-amd64;C:\Users\SK\.gradle\native\12488b8bf47d2d4c9fbf2f6322a914ad602e24e48041cd04a747c6da556b65c4\windows-amd64

VM Arguments:
jvm_args: -Dorg.gradle.appname=gradlew 
java_command: org.gradle.wrapper.GradleWrapperMain -q -Ptarget-platform=android-arm64 -Ptarget=C:\Users\SK\FlutterProjects\woo_ecommerce_flutter_app\lib\main.dart -Pbase-application-name=android.app.Application -Pdart-defines=Zmx1dHRlci5pbnNwZWN0b3Iuc3RydWN0dXJlZEVycm9ycz10cnVl,RkxVVFRFUl9XRUJfQVVUT19ERVRFQ1Q9dHJ1ZQ== -Pdart-obfuscation=false -Pextra-front-end-options=--no-sound-null-safety -Ptrack-widget-creation=true -Ptree-shake-icons=false -Pfilesystem-scheme=org-dartlang-root assembleDebug
java_class_path (initial): C:\Users\SK\FlutterProjects\woo_ecommerce_flutter_app\android\\gradle\wrapper\gradle-wrapper.jar
Launcher Type: SUN_STANDARD

[Global flags]
     intx CICompilerCount                          = 4                                         {product} {ergonomic}
     uint ConcGCThreads                            = 2                                         {product} {ergonomic}
     uint G1ConcRefinementThreads                  = 8                                         {product} {ergonomic}
   size_t G1HeapRegionSize                         = 1048576                                   {product} {ergonomic}
    uintx GCDrainStackTargetSize                   = 64                                        {product} {ergonomic}
   size_t InitialHeapSize                          = 268435456                                 {product} {ergonomic}
   size_t MarkStackSize                            = 4194304                                   {product} {ergonomic}
   size_t MaxHeapSize                              = 4265607168                                {product} {ergonomic}
   size_t MaxNewSize                               = 2558525440                                {product} {ergonomic}
   size_t MinHeapDeltaBytes                        = 1048576                                   {product} {ergonomic}
    uintx NonNMethodCodeHeapSize                   = 5836300                                {pd product} {ergonomic}
    uintx NonProfiledCodeHeapSize                  = 122910970                              {pd product} {ergonomic}
    uintx ProfiledCodeHeapSize                     = 122910970                              {pd product} {ergonomic}
    uintx ReservedCodeCacheSize                    = 251658240                              {pd product} {ergonomic}
     bool SegmentedCodeCache                       = true                                      {product} {ergonomic}
     bool UseCompressedClassPointers               = true                                 {lp64_product} {ergonomic}
     bool UseCompressedOops                        = true                                 {lp64_product} {ergonomic}
     bool UseG1GC                                  = true                                      {product} {ergonomic}
     bool UseLargePagesIndividualAllocation        = false                                  {pd product} {ergonomic}

Logging:
Log output configuration:
 #0: stdout all=warning uptime,level,tags
 #1: stderr all=off uptime,level,tags

Environment Variables:
JAVA_HOME=C:\Program Files\Android\Android Studio1\jre
CLASSPATH=C:\Users\SK\FlutterProjects\woo_ecommerce_flutter_app\android\\gradle\wrapper\gradle-wrapper.jar
PATH=C:\Program Files\Common Files\Oracle\Java\javapath;C:\Program Files\Eclipse Adoptium\jdk-17.0.1.12-hotspot\bin;C:\Program Files (x86)\VMware\VMware Workstation\bin\;C:\Program Files (x86)\NVIDIA Corporation\PhysX\Common;C:\Windows\system32;C:\Windows;C:\Windows\System32\Wbem;C:\Windows\System32\WindowsPowerShell\v1.0\;C:\Windows\System32\OpenSSH\;C:\Program Files\PuTTY\;C:\Program Files\Microsoft VS Code\bin;C:\Program Files\Git\cmd;C:\Program Files (x86)\Minimal ADB and Fastboot;C:\src\flutter\bin;C:\Users\SK\AppData\Local\Pub\Cache\bin;C:\Program Files\nodejs\;C:\Program Files\nodejs\node_modules\npm\bin;C:\Program Files\Java\jdk-15.0.1\bin;C:\Users\SK\AppData\Local\Android\Sdk;C:\Users\SK\AppData\Local\Programs\Python\Python310\Scripts\;C:\Users\SK\AppData\Local\Programs\Python\Python310\;C:\Users\SK\AppData\Local\Microsoft\WindowsApps;;C:\Program Files\JetBrains\IntelliJ IDEA Community Edition 2021.3.2\bin;;C:\Users\SK\AppData\Roaming\npm
USERNAME=SK
OS=Windows_NT
PROCESSOR_IDENTIFIER=Intel64 Family 6 Model 142 Stepping 10, GenuineIntel



---------------  S Y S T E M  ---------------

OS: Windows 10 , 64 bit Build 19041 (10.0.19041.1503)
OS uptime: 1 days 8:59 hours

CPU:total 8 (initial active 8) (4 cores per cpu, 2 threads per core) family 6 model 142 stepping 10 microcode 0xb4, cmov, cx8, fxsr, mmx, sse, sse2, sse3, ssse3, sse4.1, sse4.2, popcnt, avx, avx2, aes, clmul, erms, 3dnowpref, lzcnt, ht, tsc, tscinvbit, bmi1, bmi2, adx, fma

Memory: 4k page, system-wide physical 16270M (1626M free)
TotalPageFile size 65422M (AvailPageFile size 0M)
current process WorkingSet (physical memory assigned to process): 100M, peak: 100M
current process commit charge ("private bytes"): 361M, peak: 361M

vm_info: OpenJDK 64-Bit Server VM (11.0.11+9-b60-7590822) for windows-amd64 JRE (11.0.11+9-b60-7590822), built on Jul 29 2021 21:43:44 by "builder" with MS VC++ 14.0 (VS2015)

END.
